#
# There is insufficient memory for the Java Runtime Environment to continue.
# Native memory allocation (malloc) failed to allocate 253056 bytes for Chunk::new
# Possible reasons:
#   The system is out of physical RAM or swap space
#   In 32 bit mode, the process size limit was hit
# Possible solutions:
#   Reduce memory load on the system
#   Increase physical memory or swap space
#   Check if swap backing store is full
#   Use 64 bit Java on a 64 bit OS
#   Decrease Java heap size (-Xmx/-Xms)
#   Decrease number of Java threads
#   Decrease Java thread stack sizes (-Xss)
#   Set larger code cache with -XX:ReservedCodeCacheSize=
# This output file may be truncated or incomplete.
#
#  Out of Memory Error (allocation.cpp:390), pid=6088, tid=680
#
# JRE version: Java(TM) SE Runtime Environment (8.0_45-b14) (build 1.8.0_45-b14)
# Java VM: Java HotSpot(TM) 64-Bit Server VM (25.45-b02 mixed mode windows-amd64 compressed oops)
# Failed to write core dump. Minidumps are not enabled by default on client versions of Windows
#

---------------  T H R E A D  ---------------

Current thread (0x000000001d937800):  JavaThread "C2 CompilerThread0" daemon [_thread_in_native, id=680, stack(0x000000001f080000,0x000000001f180000)]

Stack: [0x000000001f080000,0x000000001f180000]
Native frames: (J=compiled Java code, j=interpreted, Vv=VM code, C=native code)
V  [jvm.dll+0x32b57a]


Current CompileTask:
C2:  11632 1278  s    4       sun.misc.URLClassPath::getNextLoader (88 bytes)


---------------  P R O C E S S  ---------------

Java Threads: ( => current thread )
  0x000000001fa78800 JavaThread "TimerQueue" daemon [_thread_blocked, id=5448, stack(0x0000000023540000,0x0000000023640000)]
  0x000000001f8a0000 JavaThread "Abandoned connection cleanup thread" daemon [_thread_blocked, id=7068, stack(0x0000000023270000,0x0000000023370000)]
  0x000000000251e000 JavaThread "DestroyJavaVM" [_thread_blocked, id=8736, stack(0x0000000002830000,0x0000000002930000)]
  0x000000001f95b800 JavaThread "AWT-EventQueue-0" [_thread_in_native, id=4312, stack(0x000000001ff90000,0x0000000020090000)]
  0x000000001f92e000 JavaThread "AWT-Windows" daemon [_thread_in_native, id=10496, stack(0x00000000204e0000,0x00000000205e0000)]
  0x000000001f92b800 JavaThread "AWT-Shutdown" [_thread_blocked, id=9764, stack(0x00000000202a0000,0x00000000203a0000)]
  0x000000001f956000 JavaThread "Java2D Disposer" daemon [_thread_blocked, id=11372, stack(0x00000000200d0000,0x00000000201d0000)]
  0x000000001d9c8800 JavaThread "Service Thread" daemon [_thread_blocked, id=9108, stack(0x000000001f670000,0x000000001f770000)]
  0x000000001d947000 JavaThread "C1 CompilerThread3" daemon [_thread_blocked, id=12240, stack(0x000000001f4f0000,0x000000001f5f0000)]
  0x000000001c99f000 JavaThread "C2 CompilerThread2" daemon [_thread_blocked, id=12636, stack(0x000000001f2e0000,0x000000001f3e0000)]
  0x000000001c999000 JavaThread "C2 CompilerThread1" daemon [_thread_in_native, id=8376, stack(0x000000001ef70000,0x000000001f070000)]
=>0x000000001d937800 JavaThread "C2 CompilerThread0" daemon [_thread_in_native, id=680, stack(0x000000001f080000,0x000000001f180000)]
  0x000000001d936000 JavaThread "Attach Listener" daemon [_thread_blocked, id=5680, stack(0x000000001edd0000,0x000000001eed0000)]
  0x000000001d934000 JavaThread "Signal Dispatcher" daemon [_thread_blocked, id=11660, stack(0x000000001ea00000,0x000000001eb00000)]
  0x000000001c98b000 JavaThread "Finalizer" daemon [_thread_blocked, id=13136, stack(0x000000001ec70000,0x000000001ed70000)]
  0x000000001c984800 JavaThread "Reference Handler" daemon [_thread_blocked, id=12336, stack(0x000000001eb20000,0x000000001ec20000)]

Other Threads:
  0x000000001d8e0800 VMThread [stack: 0x000000001e900000,0x000000001ea00000] [id=4064]
  0x000000001d9d2800 WatcherThread [stack: 0x000000001f1a0000,0x000000001f2a0000] [id=6164]

VM state:not at safepoint (normal execution)

VM Mutex/Monitor currently owned by a thread: None

Heap:
 PSYoungGen      total 76288K, used 27744K [0x000000076af80000, 0x0000000770480000, 0x00000007c0000000)
  eden space 65536K, 42% used [0x000000076af80000,0x000000076ca98090,0x000000076ef80000)
  from space 10752K, 0% used [0x000000076ef80000,0x000000076ef80000,0x000000076fa00000)
  to   space 10752K, 0% used [0x000000076fa00000,0x000000076fa00000,0x0000000770480000)
 ParOldGen       total 110080K, used 1973K [0x00000006c0e00000, 0x00000006c7980000, 0x000000076af80000)
  object space 110080K, 1% used [0x00000006c0e00000,0x00000006c0fed4f0,0x00000006c7980000)
 Metaspace       used 15965K, capacity 16198K, committed 16384K, reserved 1064960K
  class space    used 1924K, capacity 1997K, committed 2048K, reserved 1048576K

Card table byte_map: [0x0000000011fc0000,0x00000000127c0000] byte_map_base: 0x000000000e9b9000

Marking Bits: (ParMarkBitMap*) 0x0000000060744040
 Begin Bits: [0x0000000013810000, 0x00000000177d8000)
 End Bits:   [0x00000000177d8000, 0x000000001b7a0000)

Polling page: 0x0000000001c80000

CodeCache: size=245760Kb used=4187Kb max_used=4187Kb free=241572Kb
 bounds [0x0000000002c00000, 0x0000000003020000, 0x0000000011c00000]
 total_blobs=1860 nmethods=1285 adapters=487
 compilation: enabled

Compilation events (10 events):
Event: 11.622 Thread 0x000000001d947000 1282       3       java.lang.ClassNotFoundException::<init> (7 bytes)
Event: 11.622 Thread 0x000000001d947000 nmethod 1282 0x00000000030159d0 code [0x0000000003015b40, 0x0000000003015d88]
Event: 11.622 Thread 0x000000001d947000 1283       3       java.net.URLStreamHandler::setURL (40 bytes)
Event: 11.622 Thread 0x000000001d947000 nmethod 1283 0x0000000003015e90 code [0x0000000003016020, 0x0000000003016418]
Event: 11.622 Thread 0x000000001d947000 1284   !   3       java.net.URL::set (114 bytes)
Event: 11.623 Thread 0x000000001d947000 nmethod 1284 0x00000000030165d0 code [0x00000000030167c0, 0x0000000003017318]
Event: 11.626 Thread 0x000000001d947000 1285       3       org.jfree.chart.util.ParamChecks::nullNotPermitted (37 bytes)
Event: 11.626 Thread 0x000000001d947000 nmethod 1285 0x0000000003018090 code [0x0000000003018280, 0x0000000003018ba8]
Event: 11.627 Thread 0x000000001d947000 1287       3       java.awt.geom.Point2D$Float::<init> (5 bytes)
Event: 11.628 Thread 0x000000001d947000 nmethod 1287 0x0000000003019390 code [0x0000000003019500, 0x0000000003019710]

GC Heap History (4 events):
Event: 0.490 GC heap before
{Heap before GC invocations=1 (full 0):
 PSYoungGen      total 76288K, used 10486K [0x000000076af80000, 0x0000000770480000, 0x00000007c0000000)
  eden space 65536K, 16% used [0x000000076af80000,0x000000076b9bdb10,0x000000076ef80000)
  from space 10752K, 0% used [0x000000076fa00000,0x000000076fa00000,0x0000000770480000)
  to   space 10752K, 0% used [0x000000076ef80000,0x000000076ef80000,0x000000076fa00000)
 ParOldGen       total 175104K, used 0K [0x00000006c0e00000, 0x00000006cb900000, 0x000000076af80000)
  object space 175104K, 0% used [0x00000006c0e00000,0x00000006c0e00000,0x00000006cb900000)
 Metaspace       used 11206K, capacity 11412K, committed 11520K, reserved 1062912K
  class space    used 1437K, capacity 1514K, committed 1536K, reserved 1048576K
Event: 0.497 GC heap after
Heap after GC invocations=1 (full 0):
 PSYoungGen      total 76288K, used 2102K [0x000000076af80000, 0x0000000770480000, 0x00000007c0000000)
  eden space 65536K, 0% used [0x000000076af80000,0x000000076af80000,0x000000076ef80000)
  from space 10752K, 19% used [0x000000076ef80000,0x000000076f18da58,0x000000076fa00000)
  to   space 10752K, 0% used [0x000000076fa00000,0x000000076fa00000,0x0000000770480000)
 ParOldGen       total 175104K, used 8K [0x00000006c0e00000, 0x00000006cb900000, 0x000000076af80000)
  object space 175104K, 0% used [0x00000006c0e00000,0x00000006c0e02000,0x00000006cb900000)
 Metaspace       used 11206K, capacity 11412K, committed 11520K, reserved 1062912K
  class space    used 1437K, capacity 1514K, committed 1536K, reserved 1048576K
}
Event: 0.497 GC heap before
{Heap before GC invocations=2 (full 1):
 PSYoungGen      total 76288K, used 2102K [0x000000076af80000, 0x0000000770480000, 0x00000007c0000000)
  eden space 65536K, 0% used [0x000000076af80000,0x000000076af80000,0x000000076ef80000)
  from space 10752K, 19% used [0x000000076ef80000,0x000000076f18da58,0x000000076fa00000)
  to   space 10752K, 0% used [0x000000076fa00000,0x000000076fa00000,0x0000000770480000)
 ParOldGen       total 175104K, used 8K [0x00000006c0e00000, 0x00000006cb900000, 0x000000076af80000)
  object space 175104K, 0% used [0x00000006c0e00000,0x00000006c0e02000,0x00000006cb900000)
 Metaspace       used 11206K, capacity 11412K, committed 11520K, reserved 1062912K
  class space    used 1437K, capacity 1514K, committed 1536K, reserved 1048576K
Event: 0.508 GC heap after
Heap after GC invocations=2 (full 1):
 PSYoungGen      total 76288K, used 0K [0x000000076af80000, 0x0000000770480000, 0x00000007c0000000)
  eden space 65536K, 0% used [0x000000076af80000,0x000000076af80000,0x000000076ef80000)
  from space 10752K, 0% used [0x000000076ef80000,0x000000076ef80000,0x000000076fa00000)
  to   space 10752K, 0% used [0x000000076fa00000,0x000000076fa00000,0x0000000770480000)
 ParOldGen       total 110080K, used 1973K [0x00000006c0e00000, 0x00000006c7980000, 0x000000076af80000)
  object space 110080K, 1% used [0x00000006c0e00000,0x00000006c0fed4f0,0x00000006c7980000)
 Metaspace       used 11206K, capacity 11412K, committed 11520K, reserved 1060864K
  class space    used 1437K, capacity 1514K, committed 1536K, reserved 1048576K
}

Deoptimization events (10 events):
Event: 0.708 Thread 0x000000001f95b800 Uncommon trap: reason=class_check action=maybe_recompile pc=0x0000000002d90f90 method=java.lang.String.equals(Ljava/lang/Object;)Z @ 8
Event: 0.708 Thread 0x000000001f95b800 Uncommon trap: reason=class_check action=maybe_recompile pc=0x0000000002d90f90 method=java.lang.String.equals(Ljava/lang/Object;)Z @ 8
Event: 0.708 Thread 0x000000001f95b800 Uncommon trap: reason=class_check action=maybe_recompile pc=0x0000000002d90f90 method=java.lang.String.equals(Ljava/lang/Object;)Z @ 8
Event: 0.708 Thread 0x000000001f95b800 Uncommon trap: reason=class_check action=maybe_recompile pc=0x0000000002d90f90 method=java.lang.String.equals(Ljava/lang/Object;)Z @ 8
Event: 3.478 Thread 0x000000001f95b800 Uncommon trap: reason=unstable_if action=reinterpret pc=0x0000000002f12bbc method=java.lang.Character.isSurrogate(C)Z @ 3
Event: 3.479 Thread 0x000000001f95b800 Uncommon trap: reason=unstable_if action=reinterpret pc=0x0000000002e779c4 method=java.lang.String.toLowerCase(Ljava/util/Locale;)Ljava/lang/String; @ 37
Event: 3.479 Thread 0x000000001f95b800 Uncommon trap: reason=unstable_if action=reinterpret pc=0x0000000002e72300 method=java.lang.CharacterData.of(I)Ljava/lang/CharacterData; @ 4
Event: 11.102 Thread 0x000000001f95b800 Uncommon trap: reason=unstable_if action=reinterpret pc=0x0000000002f0e7e0 method=java.lang.ThreadLocal$ThreadLocalMap.getEntry(Ljava/lang/ThreadLocal;)Ljava/lang/ThreadLocal$ThreadLocalMap$Entry; @ 21
Event: 11.564 Thread 0x000000001f95b800 Uncommon trap: reason=unstable_if action=reinterpret pc=0x0000000002f82554 method=java.nio.charset.CoderResult.isOverflow()Z @ 5
Event: 11.567 Thread 0x000000001f95b800 Uncommon trap: reason=unstable_if action=reinterpret pc=0x0000000002fa811c method=java.nio.charset.CoderResult.isOverflow()Z @ 5

Internal exceptions (10 events):
Event: 0.054 Thread 0x000000000251e000 Exception <a 'java/lang/NoSuchMethodError': Method sun.misc.Unsafe.prefetchRead(Ljava/lang/Object;J)V name or signature does not match> (0x000000076af8d6d8) thrown at [C:\re\workspace\8-2-build-windows-amd64-cygwin\jdk8u45\3457\hotspot\src\share\vm\prims\j	#“ÚìÅ?
Event: 0.171 Thread 0x000000000251e000 Exception <a 'java/security/PrivilegedActionException'> (0x000000076b3beb48) thrown at [C:\re\workspace\8-2-build-windows-amd64-cygwin\jdk8u45\3457\hotspot\src\share\vm\prims\jvm.cpp, line 1382]
Event: 0.171 Thread 0x000000000251e000 Exception <a 'java/security/PrivilegedActionException'> (0x000000076b3bed00) thrown at [C:\re\workspace\8-2-build-windows-amd64-cygwin\jdk8u45\3457\hotspot\src\share\vm\prims\jvm.cpp, line 1382]
Event: 0.172 Thread 0x000000000251e000 Exception <a 'java/security/PrivilegedActionException'> (0x000000076b3c2a98) thrown at [C:\re\workspace\8-2-build-windows-amd64-cygwin\jdk8u45\3457\hotspot\src\share\vm\prims\jvm.cpp, line 1382]
Event: 0.172 Thread 0x000000000251e000 Exception <a 'java/security/PrivilegedActionException'> (0x000000076b3c2c50) thrown at [C:\re\workspace\8-2-build-windows-amd64-cygwin\jdk8u45\3457\hotspot\src\share\vm\prims\jvm.cpp, line 1382]
Event: 0.175 Thread 0x000000000251e000 Exception <a 'java/io/FileNotFoundException'> (0x000000076b3c8b70) thrown at [C:\re\workspace\8-2-build-windows-amd64-cygwin\jdk8u45\3457\hotspot\src\share\vm\prims\jni.cpp, line 709]
Event: 0.190 Thread 0x000000000251e000 Exception <a 'java/io/FileNotFoundException'> (0x000000076b404b40) thrown at [C:\re\workspace\8-2-build-windows-amd64-cygwin\jdk8u45\3457\hotspot\src\share\vm\prims\jni.cpp, line 709]
Event: 0.214 Thread 0x000000000251e000 Exception <a 'java/lang/NoSuchFieldError': method resolution failed> (0x000000076b4d88c0) thrown at [C:\re\workspace\8-2-build-windows-amd64-cygwin\jdk8u45\3457\hotspot\src\share\vm\prims\methodHandles.cpp, line 1125]
Event: 0.215 Thread 0x000000000251e000 Exception <a 'java/lang/NoSuchFieldError': method resolution failed> (0x000000076b4e7280) thrown at [C:\re\workspace\8-2-build-windows-amd64-cygwin\jdk8u45\3457\hotspot\src\share\vm\prims\methodHandles.cpp, line 1125]
Event: 11.102 Thread 0x000000001f95b800 Implicit null exception at 0x0000000002f0e740 to 0x0000000002f0e7c1

Events (10 events):
Event: 11.624 loading class org/jfree/chart/title/LegendItemBlockContainer
Event: 11.624 loading class org/jfree/chart/title/LegendItemBlockContainer done
Event: 11.624 loading class org/jfree/chart/entity/LegendItemEntity
Event: 11.624 loading class org/jfree/chart/entity/LegendItemEntity done
Event: 11.624 loading class org/jfree/chart/block/BorderArrangement
Event: 11.624 loading class org/jfree/chart/block/BorderArrangement done
Event: 11.625 loading class org/jfree/chart/block/LabelBlock
Event: 11.625 loading class org/jfree/chart/block/LabelBlock done
Event: 11.625 loading class org/jfree/chart/block/CenterArrangement
Event: 11.625 loading class org/jfree/chart/block/CenterArrangement done


Dynamic libraries:
0x000000013f930000 - 0x000000013f967000 	C:\Program Files\Java\jdk1.8.0_45\bin\java.exe
0x00000000778d0000 - 0x0000000077a79000 	C:\Windows\SYSTEM32\ntdll.dll
0x00000000776b0000 - 0x00000000777d0000 	C:\Windows\system32\kernel32.dll
0x000007fefd7a0000 - 0x000007fefd80c000 	C:\Windows\system32\KERNELBASE.dll
0x000007feff9d0000 - 0x000007feffaab000 	C:\Windows\system32\ADVAPI32.dll
0x000007feff250000 - 0x000007feff2ef000 	C:\Windows\system32\msvcrt.dll
0x000007fefda30000 - 0x000007fefda4f000 	C:\Windows\SYSTEM32\sechost.dll
0x000007feffab0000 - 0x000007feffbdd000 	C:\Windows\system32\RPCRT4.dll
0x00000000777d0000 - 0x00000000778ca000 	C:\Windows\system32\USER32.dll
0x000007feff1e0000 - 0x000007feff247000 	C:\Windows\system32\GDI32.dll
0x000007fefddb0000 - 0x000007fefddbe000 	C:\Windows\system32\LPK.dll
0x000007feff2f0000 - 0x000007feff3ba000 	C:\Windows\system32\USP10.dll
0x000007fefc000000 - 0x000007fefc1f4000 	C:\Windows\WinSxS\amd64_microsoft.windows.common-controls_6595b64144ccf1df_6.0.7601.18837_none_fa3b1e3d17594757\COMCTL32.dll
0x000007feff7a0000 - 0x000007feff811000 	C:\Windows\system32\SHLWAPI.dll
0x000007fefdfa0000 - 0x000007fefdfce000 	C:\Windows\system32\IMM32.DLL
0x000007feff820000 - 0x000007feff929000 	C:\Windows\system32\MSCTF.dll
0x00000000753c0000 - 0x00000000753f8000 	C:\PROGRA~2\Sophos\SOPHOS~1\SOPHOS~2.DLL
0x0000000077aa0000 - 0x0000000077aa7000 	C:\Windows\system32\PSAPI.DLL
0x0000000066410000 - 0x00000000664e2000 	C:\Program Files\Java\jdk1.8.0_45\jre\bin\msvcr100.dll
0x000000005ff40000 - 0x00000000607c3000 	C:\Program Files\Java\jdk1.8.0_45\jre\bin\server\jvm.dll
0x000007fef9930000 - 0x000007fef9939000 	C:\Windows\system32\WSOCK32.dll
0x000007fefda50000 - 0x000007fefda9d000 	C:\Windows\system32\WS2_32.dll
0x000007feff6f0000 - 0x000007feff6f8000 	C:\Windows\system32\NSI.dll
0x000007fefb290000 - 0x000007fefb2cb000 	C:\Windows\system32\WINMM.dll
0x000007fefc7f0000 - 0x000007fefc7fc000 	C:\Windows\system32\VERSION.dll
0x0000000074cb0000 - 0x0000000074cbf000 	C:\Program Files\Java\jdk1.8.0_45\jre\bin\verify.dll
0x0000000069f10000 - 0x0000000069f39000 	C:\Program Files\Java\jdk1.8.0_45\jre\bin\java.dll
0x0000000069f60000 - 0x0000000069f76000 	C:\Program Files\Java\jdk1.8.0_45\jre\bin\zip.dll
0x000007fefdfd0000 - 0x000007fefed59000 	C:\Windows\system32\SHELL32.dll
0x000007fefdba0000 - 0x000007fefdda3000 	C:\Windows\system32\ole32.dll
0x000007fefd680000 - 0x000007fefd68f000 	C:\Windows\system32\profapi.dll
0x0000000063b90000 - 0x0000000063d28000 	C:\Program Files\Java\jdk1.8.0_45\jre\bin\awt.dll
0x000007fefdac0000 - 0x000007fefdb97000 	C:\Windows\system32\OLEAUT32.dll
0x000007fefba50000 - 0x000007fefba68000 	C:\Windows\system32\DWMAPI.DLL
0x000007fefbfa0000 - 0x000007fefbff6000 	C:\Windows\system32\uxtheme.dll
0x000007fef3520000 - 0x000007fef3568000 	C:\Program Files (x86)\TeamViewer\tv_x64.dll
0x000007fefd4d0000 - 0x000007fefd4df000 	C:\Windows\system32\CRYPTBASE.dll
0x000007fef7560000 - 0x000007fef775f000 	C:\Windows\system32\d3d9.dll
0x000007fef7550000 - 0x000007fef7557000 	C:\Windows\system32\d3d8thk.dll
0x000007fef78d0000 - 0x000007fef78f0000 	C:\Windows\system32\atiu9p64.dll
0x000007feed760000 - 0x000007feede2a000 	C:\Windows\system32\atiumd64.dll
0x000000005e360000 - 0x000000005e835000 	C:\Windows\system32\atiumd6a.dll
0x00000000683a0000 - 0x00000000683e7000 	C:\Program Files\Java\jdk1.8.0_45\jre\bin\fontmanager.dll
0x0000000070a80000 - 0x0000000070a9a000 	C:\Program Files\Java\jdk1.8.0_45\jre\bin\net.dll
0x000007fefc800000 - 0x000007fefc82d000 	C:\ProgramData\Sophos\Web Intelligence\swi_ifslsp_64.dll
0x000007fefcd30000 - 0x000007fefcd85000 	C:\Windows\system32\mswsock.dll
0x000007fefcd20000 - 0x000007fefcd27000 	C:\Windows\System32\wship6.dll
0x0000000069ef0000 - 0x0000000069f01000 	C:\Program Files\Java\jdk1.8.0_45\jre\bin\nio.dll
0x0000000066ef0000 - 0x0000000066f31000 	C:\Program Files\Java\jdk1.8.0_45\jre\bin\t2k.dll
0x000007feff700000 - 0x000007feff799000 	C:\Windows\system32\CLBCatQ.DLL
0x000007fefb8a0000 - 0x000007fefba01000 	C:\Windows\system32\WindowsCodecs.dll
0x000007fefd470000 - 0x000007fefd4c7000 	C:\Windows\system32\apphelp.dll
0x000007fef3a90000 - 0x000007fef3b50000 	C:\Program Files (x86)\Google\Drive\googledrivesync64.dll
0x000000006eea0000 - 0x000000006ef73000 	C:\Windows\WinSxS\amd64_microsoft.vc90.crt_1fc8b3b9a1e18e3b_9.0.30729.6161_none_08e61857a83bc251\MSVCP90.dll
0x0000000071210000 - 0x00000000712b3000 	C:\Windows\WinSxS\amd64_microsoft.vc90.crt_1fc8b3b9a1e18e3b_9.0.30729.6161_none_08e61857a83bc251\MSVCR90.dll
0x000007fef3570000 - 0x000007fef37af000 	C:\PROGRA~1\MICROS~2\Office15\GROOVEEX.DLL
0x000000006ee00000 - 0x000000006ee98000 	C:\Windows\system32\MSVCP100.dll
0x0000000070980000 - 0x00000000709ab000 	C:\Windows\system32\ATL100.DLL
0x000007fefa6c0000 - 0x000007fefa9de000 	C:\Windows\system32\msi.dll
0x000007fef1fd0000 - 0x000007fef284d000 	C:\PROGRA~1\MICROS~2\Office15\1033\GrooveIntlResource.dll

VM Arguments:
jvm_args: -Dfile.encoding=UTF-8 
java_command: explelan.Explelan
java_class_path (initial): C:\AfterDolap\Cdb_Selectivity_Eq1\dist\lib\jfreechart-1.0.19.jar;C:\AfterDolap\Cdb_Selectivity_Eq1\dist\lib\guava-15.0.jar;C:\Program Files\NetBeans 8.0.2\ide\modules\ext\postgresql-9.2-1002.jdbc4.jar;C:\Program Files\NetBeans 8.0.2\ide\modules\ext\mysql-connector-java-5.1.23-bin.jar;C:\AfterDolap\Cdb_Selectivity_Eq1\dist\lib\jcommon-1.0.23.jar;C:\AfterDolap\Cdb_Selectivity_Eq1\dist\lib\rs2xml.jar;C:\AfterDolap\Cdb_Selectivity_Eq1\dist\lib\commons-math3-3.2.jar;C:\Users\uqiibra2\Documents\NetBeansProjects\Explelan_Annotate\build\classes
Launcher Type: SUN_STANDARD

Environment Variables:
PATH=C:\ProgramData\Oracle\Java\javapath;C:\Windows\system32;C:\Windows;C:\Windows\System32\Wbem;C:\Windows\System32\WindowsPowerShell\v1.0\;C:\Windows\System32\WindowsPowerShell\v1.0\;C:\Program Files (x86)\MySQL\MySQL Utilities 1.3.6\;C:\Program Files (x86)\MiKTeX 2.9\miktex\bin\
USERNAME=uqiibra2
OS=Windows_NT
PROCESSOR_IDENTIFIER=Intel64 Family 6 Model 60 Stepping 3, GenuineIntel



---------------  S Y S T E M  ---------------

OS: Windows 7 , 64 bit Build 7601 (6.1.7601.19045)

CPU:total 8 (4 cores per cpu, 2 threads per core) family 6 model 60 stepping 3, cmov, cx8, fxsr, mmx, sse, sse2, sse3, ssse3, sse4.1, sse4.2, popcnt, avx, avx2, aes, clmul, erms, lzcnt, ht, tsc, tscinvbit, bmi1, bmi2

Memory: 4k page, physical 16718112k(8646760k free), swap 20910580k(5092k free)

vm_info: Java HotSpot(TM) 64-Bit Server VM (25.45-b02) for windows-amd64 JRE (1.8.0_45-b14), built on Apr 10 2015 10:34:15 by "java_re" with MS VC++ 10.0 (VS2010)

time: Wed Jan 13 22:19:14 2016
elapsed time: 11 seconds (0d 0h 0m 11s)

